<?xml version='1.0' encoding='UTF-8'?>
<testsuite hostname="sysadmin-01.tuguu.local" name="example.ListsSuite" tests="22" errors="0" failures="0" time="0.018">
                     <properties>
[...]
</properties>
                     <testcase classname="example.ListsSuite" name="one plus one is two" time="0.008">
                                                 
                                               </testcase><testcase classname="example.ListsSuite" name="one plus one is three?" time="0.0">
                                                 
                                               </testcase><testcase classname="example.ListsSuite" name="details why one plus one is not three" time="0.003">
                                                 
                                               </testcase><testcase classname="example.ListsSuite" name="intNotZero throws an exception if its argument is 0" time="0.0">
                                                 
                                               </testcase><testcase classname="example.ListsSuite" name="sum of a few numbers" time="0.001">
                                                 
                                               </testcase><testcase classname="example.ListsSuite" name="sum of negative numbers" time="0.001">
                                                 
                                               </testcase><testcase classname="example.ListsSuite" name="sum of negative numbers including zero" time="0.0">
                                                 
                                               </testcase><testcase classname="example.ListsSuite" name="sum of positive numbers including zero" time="0.001">
                                                 
                                               </testcase><testcase classname="example.ListsSuite" name="sum of positive and negative numbers including zero" time="0.0">
                                                 
                                               </testcase><testcase classname="example.ListsSuite" name="sum of repeated elements" time="0.0">
                                                 
                                               </testcase><testcase classname="example.ListsSuite" name="sum of repeated elements including zero" time="0.0">
                                                 
                                               </testcase><testcase classname="example.ListsSuite" name="sum of zeros is equal zero" time="0.001">
                                                 
                                               </testcase><testcase classname="example.ListsSuite" name="sum of empty list is equal zero" time="0.0">
                                                 
                                               </testcase><testcase classname="example.ListsSuite" name="max of a few numbers" time="0.0">
                                                 
                                               </testcase><testcase classname="example.ListsSuite" name="max of negative numbers" time="0.0">
                                                 
                                               </testcase><testcase classname="example.ListsSuite" name="max of negative numbers including zero" time="0.0">
                                                 
                                               </testcase><testcase classname="example.ListsSuite" name="max of positive numbers including zero" time="0.001">
                                                 
                                               </testcase><testcase classname="example.ListsSuite" name="max of positive and negative numbers including zero" time="0.0">
                                                 
                                               </testcase><testcase classname="example.ListsSuite" name="max of repeated elements" time="0.001">
                                                 
                                               </testcase><testcase classname="example.ListsSuite" name="max of repeated elements including zero" time="0.0">
                                                 
                                               </testcase><testcase classname="example.ListsSuite" name="max of zeros is equal zero" time="0.0">
                                                 
                                               </testcase><testcase classname="example.ListsSuite" name="max of empty list throw NoSuchElementException" time="0.001">
                                                 
                                               </testcase>
                     <system-out></system-out>
                     <system-err></system-err>
                   </testsuite>